<?xml version="1.0" encoding="UTF-8"?>
<!-- Generated by org.testng.reporters.JUnitXMLReporter -->
<testsuite hostname="rohans-MacBook-Air.local" ignored="0" name="zomatotest" tests="5" failures="0" timestamp="2020-07-07T18:48:22 IST" time="7.309" errors="0">
  <testcase name="getLocation" time="2.109" classname="TestManager.DemoTests"/>
  <testcase name="getCusisines" time="2.733" classname="TestManager.DemoTests"/>
  <testcase name="getEstablishment" time="0.322" classname="TestManager.DemoTests"/>
  <testcase name="getCategory" time="0.32" classname="TestManager.DemoTests"/>
  <testcase name="recommendRestaurant" time="1.632" classname="TestManager.DemoTests"/>
</testsuite> <!-- zomatotest -->
